<?xml version="1.0" encoding="UTF-8"?>
<testng-results ignored="0" total="1" passed="1" failed="0" skipped="0">
  <reporter-output>
  </reporter-output>
  <suite started-at="2022-11-07T16:47:32 IST" name="Default suite" finished-at="2022-11-07T16:48:02 IST" duration-ms="29894">
    <groups>
    </groups>
    <test started-at="2022-11-07T16:47:32 IST" name="Default test" finished-at="2022-11-07T16:48:02 IST" duration-ms="29894">
      <class name="com.ecomm_pom.StandAloneTestcalss">
        <test-method signature="standalone()[pri:0, instance:com.ecomm_pom.StandAloneTestcalss@581ac8a8]" started-at="2022-11-07T16:47:32 IST" name="standalone" finished-at="2022-11-07T16:48:02 IST" duration-ms="29867" status="PASS">
          <reporter-output>
          </reporter-output>
        </test-method> <!-- standalone -->
      </class> <!-- com.ecomm_pom.StandAloneTestcalss -->
    </test> <!-- Default test -->
  </suite> <!-- Default suite -->
</testng-results>
